[24-Aug-2022 20:50:44 UTC] PHP Parse error:  syntax error, unexpected '}', expecting ';' or ',' in C:\Users\HR\Local Sites\fictional-university\app\public\wp-content\themes\fictional-university-theme\page.php on line 21
[24-Aug-2022 20:51:02 UTC] PHP Parse error:  syntax error, unexpected ';' in C:\Users\HR\Local Sites\fictional-university\app\public\wp-content\themes\fictional-university-theme\page.php on line 19
[24-Aug-2022 20:53:58 UTC] PHP Parse error:  syntax error, unexpected '}', expecting end of file in C:\Users\HR\Local Sites\fictional-university\app\public\wp-content\themes\fictional-university-theme\page.php on line 44
[24-Aug-2022 20:54:38 UTC] PHP Parse error:  syntax error, unexpected '}', expecting end of file in C:\Users\HR\Local Sites\fictional-university\app\public\wp-content\themes\fictional-university-theme\page.php on line 43
[24-Aug-2022 21:19:37 UTC] PHP Parse error:  syntax error, unexpected '}', expecting ';' or ',' in C:\Users\HR\Local Sites\fictional-university\app\public\wp-content\themes\fictional-university-theme\index.php on line 6
[24-Aug-2022 21:19:38 UTC] PHP Parse error:  syntax error, unexpected '}', expecting ';' or ',' in C:\Users\HR\Local Sites\fictional-university\app\public\wp-content\themes\fictional-university-theme\index.php on line 6
[24-Aug-2022 21:35:50 UTC] PHP Parse error:  syntax error, unexpected '=', expecting ')' in C:\Users\HR\Local Sites\fictional-university\app\public\wp-content\themes\fictional-university-theme\page.php on line 35
[24-Aug-2022 21:56:09 UTC] PHP Parse error:  syntax error, unexpected '}' in C:\Users\HR\Local Sites\fictional-university\app\public\wp-content\themes\fictional-university-theme\page.php on line 56
[24-Aug-2022 21:59:28 UTC] PHP Parse error:  syntax error, unexpected '}' in C:\Users\HR\Local Sites\fictional-university\app\public\wp-content\themes\fictional-university-theme\page.php on line 56
[24-Aug-2022 21:59:29 UTC] PHP Parse error:  syntax error, unexpected '}' in C:\Users\HR\Local Sites\fictional-university\app\public\wp-content\themes\fictional-university-theme\page.php on line 56
[24-Aug-2022 22:07:15 UTC] PHP Parse error:  syntax error, unexpected ')' in C:\Users\HR\Local Sites\fictional-university\app\public\wp-content\themes\fictional-university-theme\page.php on line 35
[24-Aug-2022 22:07:16 UTC] PHP Parse error:  syntax error, unexpected ')' in C:\Users\HR\Local Sites\fictional-university\app\public\wp-content\themes\fictional-university-theme\page.php on line 35
[25-Aug-2022 17:19:47 UTC] PHP Parse error:  syntax error, unexpected 'echo' (T_ECHO) in C:\Users\HR\Local Sites\fictional-university\app\public\wp-content\themes\fictional-university-theme\index.php on line 24
[25-Aug-2022 17:27:01 UTC] PHP Parse error:  syntax error, unexpected 'echo' (T_ECHO) in C:\Users\HR\Local Sites\fictional-university\app\public\wp-content\themes\fictional-university-theme\single.php on line 8
[25-Aug-2022 17:28:32 UTC] PHP Parse error:  syntax error, unexpected 'echo' (T_ECHO) in C:\Users\HR\Local Sites\fictional-university\app\public\wp-content\themes\fictional-university-theme\single.php on line 8
[25-Aug-2022 17:28:34 UTC] PHP Parse error:  syntax error, unexpected 'echo' (T_ECHO) in C:\Users\HR\Local Sites\fictional-university\app\public\wp-content\themes\fictional-university-theme\single.php on line 8
[25-Aug-2022 17:33:57 UTC] PHP Parse error:  syntax error, unexpected 'echo' (T_ECHO) in C:\Users\HR\Local Sites\fictional-university\app\public\wp-content\themes\fictional-university-theme\single.php on line 20
[25-Aug-2022 17:41:35 UTC] PHP Parse error:  syntax error, unexpected 'if' (T_IF) in C:\Users\HR\Local Sites\fictional-university\app\public\wp-content\themes\fictional-university-theme\archive.php on line 8
[25-Aug-2022 19:11:23 UTC] PHP Parse error:  syntax error, unexpected ''labels'' (T_CONSTANT_ENCAPSED_STRING), expecting ')' in C:\Users\HR\Local Sites\fictional-university\app\public\wp-content\themes\fictional-university-theme\functions.php on line 26
[25-Aug-2022 19:11:23 UTC] PHP Parse error:  syntax error, unexpected ''labels'' (T_CONSTANT_ENCAPSED_STRING), expecting ')' in C:\Users\HR\Local Sites\fictional-university\app\public\wp-content\themes\fictional-university-theme\functions.php on line 26
[25-Aug-2022 19:11:25 UTC] PHP Parse error:  syntax error, unexpected ''labels'' (T_CONSTANT_ENCAPSED_STRING), expecting ')' in C:\Users\HR\Local Sites\fictional-university\app\public\wp-content\themes\fictional-university-theme\functions.php on line 26
[25-Aug-2022 19:11:25 UTC] PHP Parse error:  syntax error, unexpected ''labels'' (T_CONSTANT_ENCAPSED_STRING), expecting ')' in C:\Users\HR\Local Sites\fictional-university\app\public\wp-content\themes\fictional-university-theme\functions.php on line 26
[25-Aug-2022 19:11:25 UTC] PHP Parse error:  syntax error, unexpected ''labels'' (T_CONSTANT_ENCAPSED_STRING), expecting ')' in C:\Users\HR\Local Sites\fictional-university\app\public\wp-content\themes\fictional-university-theme\functions.php on line 26
[25-Aug-2022 19:40:11 UTC] PHP Parse error:  syntax error, unexpected end of file in C:\Users\HR\Local Sites\fictional-university\app\public\wp-content\themes\fictional-university-theme\front-page.php on line 120
[25-Aug-2022 19:40:26 UTC] PHP Parse error:  syntax error, unexpected end of file in C:\Users\HR\Local Sites\fictional-university\app\public\wp-content\themes\fictional-university-theme\front-page.php on line 120
[25-Aug-2022 19:40:43 UTC] PHP Parse error:  syntax error, unexpected end of file in C:\Users\HR\Local Sites\fictional-university\app\public\wp-content\themes\fictional-university-theme\front-page.php on line 120
[25-Aug-2022 19:40:47 UTC] PHP Parse error:  syntax error, unexpected end of file in C:\Users\HR\Local Sites\fictional-university\app\public\wp-content\themes\fictional-university-theme\front-page.php on line 120
[25-Aug-2022 19:40:56 UTC] PHP Parse error:  syntax error, unexpected end of file in C:\Users\HR\Local Sites\fictional-university\app\public\wp-content\themes\fictional-university-theme\front-page.php on line 120
[25-Aug-2022 20:12:59 UTC] PHP Parse error:  syntax error, unexpected '=>' (T_DOUBLE_ARROW), expecting ')' in C:\Users\HR\Local Sites\fictional-university\app\public\wp-content\mu-plugins\univ-post-types.php on line 6
[25-Aug-2022 20:13:01 UTC] PHP Parse error:  syntax error, unexpected '=>' (T_DOUBLE_ARROW), expecting ')' in C:\Users\HR\Local Sites\fictional-university\app\public\wp-content\mu-plugins\univ-post-types.php on line 6
[31-Aug-2022 04:12:04 UTC] PHP Fatal error:  Uncaught Error: Call to undefined function is_pages() in C:\Users\HR\Local Sites\fictional-university\app\public\wp-content\themes\fictional-university-theme\header.php:21
Stack trace:
#0 C:\Users\HR\Local Sites\fictional-university\app\public\wp-includes\template.php(770): require_once()
#1 C:\Users\HR\Local Sites\fictional-university\app\public\wp-includes\template.php(716): load_template('C:\\Users\\HR\\Loc...', true, Array)
#2 C:\Users\HR\Local Sites\fictional-university\app\public\wp-includes\general-template.php(48): locate_template(Array, true, true, Array)
#3 C:\Users\HR\Local Sites\fictional-university\app\public\wp-content\themes\fictional-university-theme\page-past-events.php(3): get_header()
#4 C:\Users\HR\Local Sites\fictional-university\app\public\wp-includes\template-loader.php(106): include('C:\\Users\\HR\\Loc...')
#5 C:\Users\HR\Local Sites\fictional-university\app\public\wp-blog-header.php(19): require_once('C:\\Users\\HR\\Loc...')
#6 C:\Users\HR\Local Sites\fictional-university\app\public\i in C:\Users\HR\Local Sites\fictional-university\app\public\wp-content\themes\fictional-university-theme\header.php on line 21
[31-Aug-2022 04:32:09 UTC] PHP Parse error:  syntax error, unexpected '}' in C:\Users\HR\Local Sites\fictional-university\app\public\wp-content\themes\fictional-university-theme\functions.php on line 25
[31-Aug-2022 04:54:32 UTC] PHP Warning:  Invalid argument supplied for foreach() in C:\Users\HR\Local Sites\fictional-university\app\public\wp-content\themes\fictional-university-theme\single-event.php on line 32
[31-Aug-2022 04:54:32 UTC] PHP Stack trace:
[31-Aug-2022 04:54:32 UTC] PHP   1. {main}() C:\Users\HR\Local Sites\fictional-university\app\public\index.php:0
[31-Aug-2022 04:54:32 UTC] PHP   2. require() C:\Users\HR\Local Sites\fictional-university\app\public\index.php:17
[31-Aug-2022 04:54:32 UTC] PHP   3. require_once() C:\Users\HR\Local Sites\fictional-university\app\public\wp-blog-header.php:19
[31-Aug-2022 04:54:32 UTC] PHP   4. include() C:\Users\HR\Local Sites\fictional-university\app\public\wp-includes\template-loader.php:106
[31-Aug-2022 05:07:38 UTC] PHP Parse error:  syntax error, unexpected 'while' (T_WHILE), expecting ';' or ',' in C:\Users\HR\Local Sites\fictional-university\app\public\wp-content\themes\fictional-university-theme\single-program.php on line 51
[31-Aug-2022 05:07:46 UTC] PHP Parse error:  syntax error, unexpected '.' in C:\Users\HR\Local Sites\fictional-university\app\public\wp-content\themes\fictional-university-theme\single-program.php on line 49
[31-Aug-2022 05:09:40 UTC] PHP Parse error:  syntax error, unexpected 'echo' (T_ECHO), expecting ';' or ',' in C:\Users\HR\Local Sites\fictional-university\app\public\wp-content\themes\fictional-university-theme\single-program.php on line 50
[01-Sep-2022 03:00:11 UTC] PHP Warning:  Use of undefined constant add - assumed 'add' (this will throw an Error in a future version of PHP) in C:\Users\HR\Local Sites\fictional-university\app\public\wp-content\themes\fictional-university-theme\functions.php on line 18
[01-Sep-2022 03:00:11 UTC] PHP Stack trace:
[01-Sep-2022 03:00:11 UTC] PHP   1. {main}() C:\Users\HR\Local Sites\fictional-university\app\public\index.php:0
[01-Sep-2022 03:00:11 UTC] PHP   2. require() C:\Users\HR\Local Sites\fictional-university\app\public\index.php:17
[01-Sep-2022 03:00:11 UTC] PHP   3. require_once() C:\Users\HR\Local Sites\fictional-university\app\public\wp-blog-header.php:13
[01-Sep-2022 03:00:11 UTC] PHP   4. require_once() C:\Users\HR\Local Sites\fictional-university\app\public\wp-load.php:50
[01-Sep-2022 03:00:11 UTC] PHP   5. require_once() C:\Users\HR\Local Sites\fictional-university\app\public\wp-config.php:91
[01-Sep-2022 03:00:11 UTC] PHP   6. do_action() C:\Users\HR\Local Sites\fictional-university\app\public\wp-settings.php:576
[01-Sep-2022 03:00:11 UTC] PHP   7. WP_Hook->do_action() C:\Users\HR\Local Sites\fictional-university\app\public\wp-includes\plugin.php:476
[01-Sep-2022 03:00:11 UTC] PHP   8. WP_Hook->apply_filters() C:\Users\HR\Local Sites\fictional-university\app\public\wp-includes\class-wp-hook.php:331
[01-Sep-2022 03:00:11 UTC] PHP   9. university_features() C:\Users\HR\Local Sites\fictional-university\app\public\wp-includes\class-wp-hook.php:307
[01-Sep-2022 03:00:11 UTC] PHP Fatal error:  Uncaught Error: Call to undefined function theme_support() in C:\Users\HR\Local Sites\fictional-university\app\public\wp-content\themes\fictional-university-theme\functions.php:18
Stack trace:
#0 C:\Users\HR\Local Sites\fictional-university\app\public\wp-includes\class-wp-hook.php(307): university_features('')
#1 C:\Users\HR\Local Sites\fictional-university\app\public\wp-includes\class-wp-hook.php(331): WP_Hook->apply_filters(NULL, Array)
#2 C:\Users\HR\Local Sites\fictional-university\app\public\wp-includes\plugin.php(476): WP_Hook->do_action(Array)
#3 C:\Users\HR\Local Sites\fictional-university\app\public\wp-settings.php(576): do_action('after_setup_the...')
#4 C:\Users\HR\Local Sites\fictional-university\app\public\wp-config.php(91): require_once('C:\\Users\\HR\\Loc...')
#5 C:\Users\HR\Local Sites\fictional-university\app\public\wp-load.php(50): require_once('C:\\Users\\HR\\Loc...')
#6 C:\Users\HR\Local Sites\fictional-university\app\public\wp-blog-header.php(13): require_once('C:\\Users\\HR\\Loc...')
#7  in C:\Users\HR\Local Sites\fictional-university\app\public\wp-content\themes\fictional-university-theme\functions.php on line 18
[01-Sep-2022 03:00:11 UTC] PHP Warning:  Use of undefined constant add - assumed 'add' (this will throw an Error in a future version of PHP) in C:\Users\HR\Local Sites\fictional-university\app\public\wp-content\themes\fictional-university-theme\functions.php on line 18
[01-Sep-2022 03:00:11 UTC] PHP Stack trace:
[01-Sep-2022 03:00:11 UTC] PHP   1. {main}() C:\Users\HR\Local Sites\fictional-university\app\public\index.php:0
[01-Sep-2022 03:00:11 UTC] PHP   2. require() C:\Users\HR\Local Sites\fictional-university\app\public\index.php:17
[01-Sep-2022 03:00:11 UTC] PHP   3. require_once() C:\Users\HR\Local Sites\fictional-university\app\public\wp-blog-header.php:13
[01-Sep-2022 03:00:11 UTC] PHP   4. require_once() C:\Users\HR\Local Sites\fictional-university\app\public\wp-load.php:50
[01-Sep-2022 03:00:11 UTC] PHP   5. require_once() C:\Users\HR\Local Sites\fictional-university\app\public\wp-config.php:91
[01-Sep-2022 03:00:11 UTC] PHP   6. do_action() C:\Users\HR\Local Sites\fictional-university\app\public\wp-settings.php:576
[01-Sep-2022 03:00:11 UTC] PHP   7. WP_Hook->do_action() C:\Users\HR\Local Sites\fictional-university\app\public\wp-includes\plugin.php:476
[01-Sep-2022 03:00:11 UTC] PHP   8. WP_Hook->apply_filters() C:\Users\HR\Local Sites\fictional-university\app\public\wp-includes\class-wp-hook.php:331
[01-Sep-2022 03:00:11 UTC] PHP   9. university_features() C:\Users\HR\Local Sites\fictional-university\app\public\wp-includes\class-wp-hook.php:307
[01-Sep-2022 03:00:11 UTC] PHP Fatal error:  Uncaught Error: Call to undefined function theme_support() in C:\Users\HR\Local Sites\fictional-university\app\public\wp-content\themes\fictional-university-theme\functions.php:18
Stack trace:
#0 C:\Users\HR\Local Sites\fictional-university\app\public\wp-includes\class-wp-hook.php(307): university_features('')
#1 C:\Users\HR\Local Sites\fictional-university\app\public\wp-includes\class-wp-hook.php(331): WP_Hook->apply_filters(NULL, Array)
#2 C:\Users\HR\Local Sites\fictional-university\app\public\wp-includes\plugin.php(476): WP_Hook->do_action(Array)
#3 C:\Users\HR\Local Sites\fictional-university\app\public\wp-settings.php(576): do_action('after_setup_the...')
#4 C:\Users\HR\Local Sites\fictional-university\app\public\wp-config.php(91): require_once('C:\\Users\\HR\\Loc...')
#5 C:\Users\HR\Local Sites\fictional-university\app\public\wp-load.php(50): require_once('C:\\Users\\HR\\Loc...')
#6 C:\Users\HR\Local Sites\fictional-university\app\public\wp-blog-header.php(13): require_once('C:\\Users\\HR\\Loc...')
#7  in C:\Users\HR\Local Sites\fictional-university\app\public\wp-content\themes\fictional-university-theme\functions.php on line 18
[01-Sep-2022 05:13:25 UTC] PHP Parse error:  syntax error, unexpected '}' in C:\Users\HR\Local Sites\fictional-university\app\public\wp-content\themes\fictional-university-theme\functions.php on line 22
[01-Sep-2022 05:41:53 UTC] PHP Parse error:  syntax error, unexpected '}' in C:\Users\HR\Local Sites\fictional-university\app\public\wp-content\themes\fictional-university-theme\functions.php on line 10
[01-Sep-2022 05:50:26 UTC] PHP Parse error:  syntax error, unexpected ''subtitle'' (T_CONSTANT_ENCAPSED_STRING), expecting ')' in C:\Users\HR\Local Sites\fictional-university\app\public\wp-content\themes\fictional-university-theme\page.php on line 8
[01-Sep-2022 05:51:56 UTC] PHP Parse error:  syntax error, unexpected ''subtitle'' (T_CONSTANT_ENCAPSED_STRING), expecting ')' in C:\Users\HR\Local Sites\fictional-university\app\public\wp-content\themes\fictional-university-theme\page.php on line 8
[01-Sep-2022 05:52:23 UTC] PHP Parse error:  syntax error, unexpected ''subtitle'' (T_CONSTANT_ENCAPSED_STRING), expecting ')' in C:\Users\HR\Local Sites\fictional-university\app\public\wp-content\themes\fictional-university-theme\page.php on line 8
